<?xml version="1.0" encoding="UTF-8" ?>
<testsuite tests="5" failures="0" name="com.ROCSAFE.maven.gpsutilities.WGS84CoordinateUtilsTest" time="0.016" errors="0" skipped="0">
  <properties>
    <property name="java.runtime.name" value="Java(TM) SE Runtime Environment"/>
    <property name="sun.boot.library.path" value="C:\Program Files\Java\jdk1.8.0_181\jre\bin"/>
    <property name="java.vm.version" value="25.181-b13"/>
    <property name="java.vm.vendor" value="Oracle Corporation"/>
    <property name="maven.multiModuleProjectDirectory" value="D:\MultiAgentSystemRelatedCode\GPSUtilities\gpsutilities"/>
    <property name="java.vendor.url" value="http://java.oracle.com/"/>
    <property name="path.separator" value=";"/>
    <property name="guice.disable.misplaced.annotation.check" value="true"/>
    <property name="java.vm.name" value="Java HotSpot(TM) 64-Bit Server VM"/>
    <property name="file.encoding.pkg" value="sun.io"/>
    <property name="user.script" value=""/>
    <property name="user.country" value="IE"/>
    <property name="sun.java.launcher" value="SUN_STANDARD"/>
    <property name="sun.os.patch.level" value=""/>
    <property name="java.vm.specification.name" value="Java Virtual Machine Specification"/>
    <property name="user.dir" value="D:\MultiAgentSystemRelatedCode\GPSUtilities\gpsutilities"/>
    <property name="java.runtime.version" value="1.8.0_181-b13"/>
    <property name="java.awt.graphicsenv" value="sun.awt.Win32GraphicsEnvironment"/>
    <property name="java.endorsed.dirs" value="C:\Program Files\Java\jdk1.8.0_181\jre\lib\endorsed"/>
    <property name="os.arch" value="amd64"/>
    <property name="java.io.tmpdir" value="C:\Users\13383861\AppData\Local\Temp\"/>
    <property name="line.separator" value="
"/>
    <property name="java.vm.specification.vendor" value="Oracle Corporation"/>
    <property name="user.variant" value=""/>
    <property name="os.name" value="Windows 10"/>
    <property name="classworlds.conf" value="C:\Users\13383861\eclipse-workspace\.metadata\.plugins\org.eclipse.m2e.launching\launches\m2conf15217567382673905877.tmp"/>
    <property name="sun.jnu.encoding" value="Cp1252"/>
    <property name="java.library.path" value="C:\Program Files\Java\jdk1.8.0_181\bin;C:\WINDOWS\Sun\Java\bin;C:\WINDOWS\system32;C:\WINDOWS;C:/Program Files/Java/jdk-9/bin/server;C:/Program Files/Java/jdk-9/bin;C:\Program Files\Docker\Docker\Resources\bin;C:\Program Files\Oculus\Support\oculus-runtime;C:\Program Files\NVIDIA GPU Computing Toolkit\CUDA\v9.0\bin;C:\Program Files\NVIDIA GPU Computing Toolkit\CUDA\v9.0\libnvvp;C:\Program Files\Microsoft MPI\Bin\;C:\Windows\system32;C:\Windows;C:\Windows\System32\Wbem;C:\Windows\System32\WindowsPowerShell\v1.0\;C:\Program Files\Microsoft SQL Server\130\Tools\Binn\;C:\Program Files\dotnet\;C:\Program Files\nodejs\;C:\Program Files (x86)\NVIDIA Corporation\PhysX\Common;C:\WINDOWS\system32;C:\WINDOWS;C:\WINDOWS\System32\Wbem;C:\WINDOWS\System32\WindowsPowerShell\v1.0\;C:\Program Files\PuTTY\;C:\Program Files\Common Files\Autodesk Shared\;C:\Program Files (x86)\Autodesk\Backburner\;C:\Program Files\VisualSVN Server\bin;C:\Program Files\TortoiseSVN\bin;C:\Program Files (x86)\Windows Live\Shared;C:\WINDOWS\system32;C:\WINDOWS;C:\WINDOWS\System32\Wbem;C:\WINDOWS\System32\WindowsPowerShell\v1.0\;C:\WINDOWS\System32\OpenSSH\;C:\Program Files\Git LFS;C:\Program Files (x86)\blog\bin;C:\Program Files (x86)\Windows Kits\8.1\Windows Performance Toolkit\;C:\Users\13383861\AppData\Local\Programs\Git\cmd;C:\Users\13383861\AppData\Local\Programs\Python\Python37\Scripts\;C:\Users\13383861\AppData\Local\Programs\Python\Python37\;C:\Users\13383861\AppData\Local\Programs\Python\Python35-32\Scripts\;C:\Users\13383861\AppData\Local\Programs\Python\Python35-32\;C:\Users\13383861\AppData\Local\Programs\Python\Launcher\;C:\Users\13383861\AppData\Local\Microsoft\WindowsApps;C:\users\13383861\appdata\local\programs\python\python35\lib\site-packages;\\fs2\13383861\Downloads\Sublime Text Build 3126 x64;C:\Users\13383861\AppData\Local\Programs\Git\cmd;C:\Program Files\CMake\bin;\\fs2\13383861\AppData\Roaming\npm;C:\Users\13383861\AppData\Local\Tesseract-OCR;C:\Program Files\chromedriver_win32;C:\MinGW\bin;C:\msys\1.0\bin;C:\Program Files\NVIDIA GPU Computing Toolkit\CUDA\v9.0\bin;C:\Program Files\RawCap;C:\Program Files (x86)\Notepad++;C:\Users\13383861\Downloads\apache-maven-3.5.0-bin\apache-maven-3.5.0\bin;C:\Program Files\Java\jdk-9\bin;C:\Program Files\ngrok;C:\Program Files\curl-7.58.0-win32-mingw\bin;C:\Program Files\SQLITE3;C:\Users\13383861\Dropbox\SoftwareDevelopment\miscProjects\SetupProject_module\setup_project;C:\Users\13383861\AppData\Local\Continuum\anaconda3\Scripts;C:\Program Files\chromedriver.exe;C:\Program Files\exiv2-0.25-win;C:\Program Files\exiftool-10.88;D:\Program Files\cuda_8.0.61_win10.exe;C:\Program Files (x86)\Microsoft Visual Studio 14.0\VC\bin\;C:\Program Files\R\R-3.5.0\bin\;;;C:\Program Files\eclipse;;."/>
    <property name="java.specification.name" value="Java Platform API Specification"/>
    <property name="java.class.version" value="52.0"/>
    <property name="sun.management.compiler" value="HotSpot 64-Bit Tiered Compilers"/>
    <property name="os.version" value="10.0"/>
    <property name="user.home" value="C:\Users\13383861"/>
    <property name="user.timezone" value="Europe/London"/>
    <property name="java.awt.printerjob" value="sun.awt.windows.WPrinterJob"/>
    <property name="java.specification.version" value="1.8"/>
    <property name="file.encoding" value="Cp1252"/>
    <property name="user.name" value="13383861"/>
    <property name="java.class.path" value="C:\Program Files\eclipse\plugins\org.eclipse.m2e.maven.runtime_1.8.2.20171007-0216\jars\plexus-classworlds-2.5.2.jar"/>
    <property name="java.vm.specification.version" value="1.8"/>
    <property name="sun.arch.data.model" value="64"/>
    <property name="java.home" value="C:\Program Files\Java\jdk1.8.0_181\jre"/>
    <property name="sun.java.command" value="org.codehaus.plexus.classworlds.launcher.Launcher -B test"/>
    <property name="java.specification.vendor" value="Oracle Corporation"/>
    <property name="user.language" value="en"/>
    <property name="awt.toolkit" value="sun.awt.windows.WToolkit"/>
    <property name="java.vm.info" value="mixed mode"/>
    <property name="java.version" value="1.8.0_181"/>
    <property name="java.ext.dirs" value="C:\Program Files\Java\jdk1.8.0_181\jre\lib\ext;C:\WINDOWS\Sun\Java\lib\ext"/>
    <property name="sun.boot.class.path" value="C:\Program Files\Java\jdk1.8.0_181\jre\lib\resources.jar;C:\Program Files\Java\jdk1.8.0_181\jre\lib\rt.jar;C:\Program Files\Java\jdk1.8.0_181\jre\lib\sunrsasign.jar;C:\Program Files\Java\jdk1.8.0_181\jre\lib\jsse.jar;C:\Program Files\Java\jdk1.8.0_181\jre\lib\jce.jar;C:\Program Files\Java\jdk1.8.0_181\jre\lib\charsets.jar;C:\Program Files\Java\jdk1.8.0_181\jre\lib\jfr.jar;C:\Program Files\Java\jdk1.8.0_181\jre\classes"/>
    <property name="java.vendor" value="Oracle Corporation"/>
    <property name="maven.home" value="D:\MultiAgentSystemRelatedCode\GPSUtilities\gpsutilities\EMBEDDED"/>
    <property name="file.separator" value="\"/>
    <property name="java.vendor.url.bug" value="http://bugreport.sun.com/bugreport/"/>
    <property name="sun.cpu.endian" value="little"/>
    <property name="sun.io.unicode.encoding" value="UnicodeLittle"/>
    <property name="sun.desktop" value="windows"/>
    <property name="sun.cpu.isalist" value="amd64"/>
  </properties>
  <testcase classname="com.ROCSAFE.maven.gpsutilities.WGS84CoordinateUtilsTest" name="com.ROCSAFE.maven.gpsutilities.WGS84CoordinateUtilsTest.testRadianToDeg" time="0.008"/>
  <testcase classname="com.ROCSAFE.maven.gpsutilities.WGS84CoordinateUtilsTest" name="com.ROCSAFE.maven.gpsutilities.WGS84CoordinateUtilsTest.testDegToRadian" time="0"/>
  <testcase classname="com.ROCSAFE.maven.gpsutilities.WGS84CoordinateUtilsTest" name="com.ROCSAFE.maven.gpsutilities.WGS84CoordinateUtilsTest.testGetDistanceMetresBetweenWGS84" time="0.007"/>
  <testcase classname="com.ROCSAFE.maven.gpsutilities.WGS84CoordinateUtilsTest" name="com.ROCSAFE.maven.gpsutilities.WGS84CoordinateUtilsTest.testGetDistanceMetresLatToOther" time="0"/>
  <testcase classname="com.ROCSAFE.maven.gpsutilities.WGS84CoordinateUtilsTest" name="com.ROCSAFE.maven.gpsutilities.WGS84CoordinateUtilsTest.testGetDistanceMetresLngToOther" time="0.001"/>
</testsuite>